<?xml version="1.0" encoding="UTF-8"?>
<testsuite xmlns:xsi="http://www.w3.org/2001/XMLSchema-instance" xsi:noNamespaceSchemaLocation="https://maven.apache.org/surefire/maven-surefire-plugin/xsd/surefire-test-report.xsd" name="todolist.controller.MenuBarWebTest" time="1.169" tests="2" errors="0" skipped="0" failures="1">
  <properties>
[...]
</properties>
  <testcase name="menuBarMuestraOpcionesCorrectasCuandoAutenticado" classname="todolist.controller.MenuBarWebTest" time="0.033">
    <failure message="Status expected:&lt;200&gt; but was:&lt;401&gt;" type="java.lang.AssertionError"><![CDATA[java.lang.AssertionError: Status expected:<200> but was:<401>
	at todolist.controller.MenuBarWebTest.menuBarMuestraOpcionesCorrectasCuandoAutenticado(MenuBarWebTest.java:39)
]]></failure>
    <system-out><![CDATA[2025-03-18 20:18:02.858  INFO 4832 --- [           main] .b.t.c.SpringBootTestContextBootstrapper : Neither @ContextConfiguration nor @ContextHierarchy found for test class [todolist.controller.MenuBarWebTest], using SpringBootContextLoader
2025-03-18 20:18:02.859  INFO 4832 --- [           main] o.s.t.c.support.AbstractContextLoader    : Could not detect default resource locations for test class [todolist.controller.MenuBarWebTest]: no resource found for suffixes {-context.xml, Context.groovy}.
2025-03-18 20:18:02.859  INFO 4832 --- [           main] t.c.s.AnnotationConfigContextLoaderUtils : Could not detect default configuration classes for test class [todolist.controller.MenuBarWebTest]: MenuBarWebTest does not declare any static, non-private, non-final, nested classes annotated with @Configuration.
2025-03-18 20:18:02.866  INFO 4832 --- [           main] .b.t.c.SpringBootTestContextBootstrapper : Found @SpringBootConfiguration todolist.Application for test class todolist.controller.MenuBarWebTest
2025-03-18 20:18:02.868  INFO 4832 --- [           main] .b.t.c.SpringBootTestContextBootstrapper : Loaded default TestExecutionListener class names from location [META-INF/spring.factories]: [org.springframework.boot.test.mock.mockito.MockitoTestExecutionListener, org.springframework.boot.test.mock.mockito.ResetMocksTestExecutionListener, org.springframework.boot.test.autoconfigure.restdocs.RestDocsTestExecutionListener, org.springframework.boot.test.autoconfigure.web.client.MockRestServiceServerResetTestExecutionListener, org.springframework.boot.test.autoconfigure.web.servlet.MockMvcPrintOnlyOnFailureTestExecutionListener, org.springframework.boot.test.autoconfigure.web.servlet.WebDriverTestExecutionListener, org.springframework.boot.test.autoconfigure.webservices.client.MockWebServiceServerTestExecutionListener, org.springframework.test.context.web.ServletTestExecutionListener, org.springframework.test.context.support.DirtiesContextBeforeModesTestExecutionListener, org.springframework.test.context.event.ApplicationEventsTestExecutionListener, org.springframework.test.context.support.DependencyInjectionTestExecutionListener, org.springframework.test.context.support.DirtiesContextTestExecutionListener, org.springframework.test.context.transaction.TransactionalTestExecutionListener, org.springframework.test.context.jdbc.SqlScriptsTestExecutionListener, org.springframework.test.context.event.EventPublishingTestExecutionListener]
2025-03-18 20:18:02.869  INFO 4832 --- [           main] .b.t.c.SpringBootTestContextBootstrapper : Using TestExecutionListeners: [org.springframework.test.context.web.ServletTestExecutionListener@9120cb5, org.springframework.test.context.support.DirtiesContextBeforeModesTestExecutionListener@18419ab7, org.springframework.test.context.event.ApplicationEventsTestExecutionListener@5f93ec02, org.springframework.boot.test.mock.mockito.MockitoTestExecutionListener@57cc0333, org.springframework.boot.test.autoconfigure.SpringBootDependencyInjectionTestExecutionListener@4e22dadb, org.springframework.test.context.support.DirtiesContextTestExecutionListener@5aa2758a, org.springframework.test.context.transaction.TransactionalTestExecutionListener@1a916120, org.springframework.test.context.jdbc.SqlScriptsTestExecutionListener@2d732cda, org.springframework.test.context.event.EventPublishingTestExecutionListener@755fdfad, org.springframework.boot.test.mock.mockito.ResetMocksTestExecutionListener@3c98eaa9, org.springframework.boot.test.autoconfigure.restdocs.RestDocsTestExecutionListener@2d91147b, org.springframework.boot.test.autoconfigure.web.client.MockRestServiceServerResetTestExecutionListener@1930e8ef, org.springframework.boot.test.autoconfigure.web.servlet.MockMvcPrintOnlyOnFailureTestExecutionListener@1299fed3, org.springframework.boot.test.autoconfigure.web.servlet.WebDriverTestExecutionListener@69af938b, org.springframework.boot.test.autoconfigure.webservices.client.MockWebServiceServerTestExecutionListener@4cb87009]

  .   ____          _            __ _ _
 /\\ / ___'_ __ _ _(_)_ __  __ _ \ \ \ \
( ( )\___ | '_ | '_| | '_ \/ _` | \ \ \ \
 \\/  ___)| |_)| | | | | || (_| |  ) ) ) )
  '  |____| .__|_| |_|_| |_\__, | / / / /
 =========|_|==============|___/=/_/_/_/
 :: Spring Boot ::               (v2.7.14)

2025-03-18 20:18:02.916  INFO 4832 --- [           main] todolist.controller.MenuBarWebTest       : Starting MenuBarWebTest using Java 22.0.1 on DESKTOP-BUE6KPT with PID 4832 (started by jmgan in C:\Users\jmgan\GitHub\Hand-on-classes-2)
2025-03-18 20:18:02.917  INFO 4832 --- [           main] todolist.controller.MenuBarWebTest       : The following 1 profile is active: "dev"
2025-03-18 20:18:03.129  INFO 4832 --- [           main] .s.d.r.c.RepositoryConfigurationDelegate : Bootstrapping Spring Data JPA repositories in DEFAULT mode.
2025-03-18 20:18:03.156  INFO 4832 --- [           main] .s.d.r.c.RepositoryConfigurationDelegate : Finished Spring Data repository scanning in 26 ms. Found 2 JPA repository interfaces.
2025-03-18 20:18:03.320  INFO 4832 --- [           main] o.hibernate.jpa.internal.util.LogHelper  : HHH000204: Processing PersistenceUnitInfo [name: default]
2025-03-18 20:18:03.327  INFO 4832 --- [           main] com.zaxxer.hikari.HikariDataSource       : HikariPool-2 - Starting...
2025-03-18 20:18:03.328  INFO 4832 --- [           main] com.zaxxer.hikari.HikariDataSource       : HikariPool-2 - Start completed.
2025-03-18 20:18:03.329  INFO 4832 --- [           main] org.hibernate.dialect.Dialect            : HHH000400: Using dialect: org.hibernate.dialect.H2Dialect
2025-03-18 20:18:03.382 DEBUG 4832 --- [           main] org.hibernate.SQL                        : drop table if exists tareas CASCADE 
2025-03-18 20:18:03.385 DEBUG 4832 --- [           main] org.hibernate.SQL                        : drop table if exists usuarios CASCADE 
2025-03-18 20:18:03.386 DEBUG 4832 --- [           main] org.hibernate.SQL                        : create table tareas (id bigint generated by default as identity, titulo varchar(255) not null, usuario_id bigint not null, primary key (id))
2025-03-18 20:18:03.387 DEBUG 4832 --- [           main] org.hibernate.SQL                        : create table usuarios (id bigint generated by default as identity, email varchar(255) not null, fecha_nacimiento date, nombre varchar(255), password varchar(255), primary key (id))
2025-03-18 20:18:03.389 DEBUG 4832 --- [           main] org.hibernate.SQL                        : alter table tareas add constraint FKdmoaxl7yv4q6vkc9h32wvbddr foreign key (usuario_id) references usuarios
2025-03-18 20:18:03.392  INFO 4832 --- [           main] o.h.e.t.j.p.i.JtaPlatformInitiator       : HHH000490: Using JtaPlatform implementation: [org.hibernate.engine.transaction.jta.platform.internal.NoJtaPlatform]
2025-03-18 20:18:03.392  INFO 4832 --- [           main] j.LocalContainerEntityManagerFactoryBean : Initialized JPA EntityManagerFactory for persistence unit 'default'
2025-03-18 20:18:03.534 DEBUG 4832 --- [           main] org.hibernate.SQL                        : insert into usuarios (id, email, fecha_nacimiento, nombre, password) values (default, ?, ?, ?, ?)
2025-03-18 20:18:03.577 DEBUG 4832 --- [           main] org.hibernate.SQL                        : insert into tareas (id, titulo, usuario_id) values (default, ?, ?)
2025-03-18 20:18:03.580 DEBUG 4832 --- [           main] org.hibernate.SQL                        : insert into tareas (id, titulo, usuario_id) values (default, ?, ?)
2025-03-18 20:18:03.976  INFO 4832 --- [           main] o.s.b.t.m.w.SpringBootMockServletContext : Initializing Spring TestDispatcherServlet ''
2025-03-18 20:18:03.977  INFO 4832 --- [           main] o.s.t.web.servlet.TestDispatcherServlet  : Initializing Servlet ''
2025-03-18 20:18:03.977  INFO 4832 --- [           main] o.s.t.web.servlet.TestDispatcherServlet  : Completed initialization in 0 ms
2025-03-18 20:18:03.983  INFO 4832 --- [           main] todolist.controller.MenuBarWebTest       : Started MenuBarWebTest in 1.111 seconds (JVM running for 7.502)

MockHttpServletRequest:
      HTTP Method = GET
      Request URI = /usuarios/1/tareas
       Parameters = {}
          Headers = []
             Body = null
    Session Attrs = {}

Handler:
             Type = todolist.controller.TareaController
           Method = todolist.controller.TareaController#listadoTareas(Long, Model, HttpSession)

Async:
    Async started = false
     Async result = null

Resolved Exception:
             Type = todolist.controller.exception.UsuarioNoLogeadoException

ModelAndView:
        View name = null
             View = null
            Model = null

FlashMap:
       Attributes = null

MockHttpServletResponse:
           Status = 401
    Error message = Usuario no autorizado
          Headers = []
     Content type = null
             Body = 
    Forwarded URL = null
   Redirected URL = null
          Cookies = []
]]></system-out>
  </testcase>
  <testcase name="menuBarMuestraLoginYRegistroEnAbout" classname="todolist.controller.MenuBarWebTest" time="0.035"/>
</testsuite>