-------------------------------------------------------------------------------
Test set: todolist.controller.MenuBarTest
-------------------------------------------------------------------------------
Tests run: 4, Failures: 0, Errors: 2, Skipped: 0, Time elapsed: 1.335 s <<< FAILURE! - in todolist.controller.MenuBarTest
enlacesMenuRedireccionanCorrectamente  Time elapsed: 0.22 s  <<< ERROR!
org.springframework.web.util.NestedServletException: Request processing failed; nested exception is org.thymeleaf.exceptions.TemplateProcessingException: Exception evaluating SpringEL expression: "usuario.id" (template: "fragments" - line 23, col 41)
	at todolist.controller.MenuBarTest.enlacesMenuRedireccionanCorrectamente(MenuBarTest.java:63)
Caused by: org.thymeleaf.exceptions.TemplateProcessingException: Exception evaluating SpringEL expression: "usuario.id" (template: "fragments" - line 23, col 41)
	at todolist.controller.MenuBarTest.enlacesMenuRedireccionanCorrectamente(MenuBarTest.java:63)
Caused by: org.springframework.expression.spel.SpelEvaluationException: EL1007E: Property or field 'id' cannot be found on null
	at todolist.controller.MenuBarTest.enlacesMenuRedireccionanCorrectamente(MenuBarTest.java:63)

menuMuestraTasksYDropdownCuandoLogeado  Time elapsed: 0.063 s  <<< ERROR!
org.springframework.web.util.NestedServletException: Request processing failed; nested exception is todolist.service.TareaServiceException: Usuario 1 no existe al listar tareas 
	at todolist.controller.MenuBarTest.menuMuestraTasksYDropdownCuandoLogeado(MenuBarTest.java:43)
Caused by: todolist.service.TareaServiceException: Usuario 1 no existe al listar tareas 
	at todolist.controller.MenuBarTest.menuMuestraTasksYDropdownCuandoLogeado(MenuBarTest.java:43)

