-------------------------------------------------------------------------------
Test set: todolist.controller.MenuBarWebTest
-------------------------------------------------------------------------------
Tests run: 2, Failures: 1, Errors: 0, Skipped: 0, Time elapsed: 1.169 s <<< FAILURE! - in todolist.controller.MenuBarWebTest
menuBarMuestraOpcionesCorrectasCuandoAutenticado  Time elapsed: 0.033 s  <<< FAILURE!
java.lang.AssertionError: Status expected:<200> but was:<401>
	at todolist.controller.MenuBarWebTest.menuBarMuestraOpcionesCorrectasCuandoAutenticado(MenuBarWebTest.java:39)

