-------------------------------------------------------------------------------
Test set: todolist.controller.NavbarWebTest
-------------------------------------------------------------------------------
Tests run: 5, Failures: 0, Errors: 2, Skipped: 0, Time elapsed: 1.272 s <<< FAILURE! - in todolist.controller.NavbarWebTest
taskListNavbarShowsUsernameAndLogout  Time elapsed: 0.117 s  <<< ERROR!
org.springframework.web.util.NestedServletException: Request processing failed; nested exception is org.thymeleaf.exceptions.TemplateProcessingException: Exception evaluating SpringEL expression: "usuario.nombre" (template: "listaTareas" - line 7, col 6)
	at todolist.controller.NavbarWebTest.taskListNavbarShowsUsernameAndLogout(NavbarWebTest.java:81)
Caused by: org.thymeleaf.exceptions.TemplateProcessingException: Exception evaluating SpringEL expression: "usuario.nombre" (template: "listaTareas" - line 7, col 6)
	at todolist.controller.NavbarWebTest.taskListNavbarShowsUsernameAndLogout(NavbarWebTest.java:81)
Caused by: org.springframework.expression.spel.SpelEvaluationException: EL1007E: Property or field 'nombre' cannot be found on null
	at todolist.controller.NavbarWebTest.taskListNavbarShowsUsernameAndLogout(NavbarWebTest.java:81)

navbarRedirectsToLoginIfUserDeletedFromDB  Time elapsed: 0.057 s  <<< ERROR!
org.springframework.web.util.NestedServletException: Request processing failed; nested exception is org.thymeleaf.exceptions.TemplateProcessingException: Exception evaluating SpringEL expression: "usuario.id" (template: "fragments" - line 23, col 41)
	at todolist.controller.NavbarWebTest.navbarRedirectsToLoginIfUserDeletedFromDB(NavbarWebTest.java:98)
Caused by: org.thymeleaf.exceptions.TemplateProcessingException: Exception evaluating SpringEL expression: "usuario.id" (template: "fragments" - line 23, col 41)
	at todolist.controller.NavbarWebTest.navbarRedirectsToLoginIfUserDeletedFromDB(NavbarWebTest.java:98)
Caused by: org.springframework.expression.spel.SpelEvaluationException: EL1007E: Property or field 'id' cannot be found on null
	at todolist.controller.NavbarWebTest.navbarRedirectsToLoginIfUserDeletedFromDB(NavbarWebTest.java:98)

